app/build/intermediates/manifest_merge_blame_file/debug/processDebugMainManifest/manifest-merger-blame-debug-report.txt
1<?xml version="1.0" encoding="utf-8"?>
2<manifest xmlns:android="http://schemas.android.com/apk/res/android"
3    package="comp3350.quizrus"
4    android:versionCode="1"
5    android:versionName="1.0" >
6
7    <uses-sdk
8        android:minSdkVersion="21"
9        android:targetSdkVersion="35" />
10
11    <uses-permission android:name="android.permission.REORDER_TASKS" />
11-->[androidx.test:core:1.6.1] AndroidManifest.xml:24:5-72
11-->[androidx.test:core:1.6.1] AndroidManifest.xml:24:22-69
12
13    <permission
13-->[androidx.core:core:1.13.0] AndroidManifest.xml:22:5-24:47
14        android:name="comp3350.quizrus.DYNAMIC_RECEIVER_NOT_EXPORTED_PERMISSION"
14-->[androidx.core:core:1.13.0] AndroidManifest.xml:23:9-81
15        android:protectionLevel="signature" />
15-->[androidx.core:core:1.13.0] AndroidManifest.xml:24:9-44
16
17    <uses-permission android:name="comp3350.quizrus.DYNAMIC_RECEIVER_NOT_EXPORTED_PERMISSION" />
17-->[androidx.core:core:1.13.0] AndroidManifest.xml:26:5-97
17-->[androidx.core:core:1.13.0] AndroidManifest.xml:26:22-94
18
19    <application
19-->src/main/AndroidManifest.xml:3:5-19:19
20        android:allowBackup="true"
20-->src/main/AndroidManifest.xml:4:9-35
21        android:appComponentFactory="androidx.core.app.CoreComponentFactory"
21-->[androidx.core:core:1.13.0] AndroidManifest.xml:28:18-86
22        android:debuggable="true"
23        android:extractNativeLibs="true"
24        android:icon="@mipmap/ic_launcher"
24-->src/main/AndroidManifest.xml:5:9-43
25        android:label="@string/app_name"
25-->src/main/AndroidManifest.xml:6:9-41
26        android:supportsRtl="true"
26-->src/main/AndroidManifest.xml:7:9-35
27        android:testOnly="true"
28        android:theme="@style/AppTheme" >
28-->src/main/AndroidManifest.xml:8:9-40
29        <activity
29-->src/main/AndroidManifest.xml:10:9-18:20
30            android:name="comp3350.quizrus.presentation.QuizSelectionActivity"
30-->src/main/AndroidManifest.xml:11:13-79
31            android:exported="true"
31-->src/main/AndroidManifest.xml:13:13-36
32            android:label="@string/app_name" >
32-->src/main/AndroidManifest.xml:12:13-45
33            <intent-filter>
33-->src/main/AndroidManifest.xml:14:13-17:29
34                <action android:name="android.intent.action.MAIN" />
34-->src/main/AndroidManifest.xml:15:17-69
34-->src/main/AndroidManifest.xml:15:25-66
35
36                <category android:name="android.intent.category.LAUNCHER" />
36-->src/main/AndroidManifest.xml:16:17-77
36-->src/main/AndroidManifest.xml:16:27-74
37            </intent-filter>
38        </activity>
39        <activity
39-->[androidx.test:core:1.6.1] AndroidManifest.xml:27:9-34:20
40            android:name="androidx.test.core.app.InstrumentationActivityInvoker$BootstrapActivity"
40-->[androidx.test:core:1.6.1] AndroidManifest.xml:28:13-99
41            android:exported="true"
41-->[androidx.test:core:1.6.1] AndroidManifest.xml:29:13-36
42            android:theme="@style/WhiteBackgroundTheme" >
42-->[androidx.test:core:1.6.1] AndroidManifest.xml:30:13-56
43            <intent-filter android:priority="-100" >
43-->[androidx.test:core:1.6.1] AndroidManifest.xml:31:13-33:29
43-->[androidx.test:core:1.6.1] AndroidManifest.xml:31:28-51
44                <category android:name="android.intent.category.LAUNCHER" />
44-->src/main/AndroidManifest.xml:16:17-77
44-->src/main/AndroidManifest.xml:16:27-74
45            </intent-filter>
46        </activity>
47        <activity
47-->[androidx.test:core:1.6.1] AndroidManifest.xml:35:9-42:20
48            android:name="androidx.test.core.app.InstrumentationActivityInvoker$EmptyActivity"
48-->[androidx.test:core:1.6.1] AndroidManifest.xml:36:13-95
49            android:exported="true"
49-->[androidx.test:core:1.6.1] AndroidManifest.xml:37:13-36
50            android:theme="@style/WhiteBackgroundTheme" >
50-->[androidx.test:core:1.6.1] AndroidManifest.xml:38:13-56
51            <intent-filter android:priority="-100" >
51-->[androidx.test:core:1.6.1] AndroidManifest.xml:31:13-33:29
51-->[androidx.test:core:1.6.1] AndroidManifest.xml:31:28-51
52                <category android:name="android.intent.category.LAUNCHER" />
52-->src/main/AndroidManifest.xml:16:17-77
52-->src/main/AndroidManifest.xml:16:27-74
53            </intent-filter>
54        </activity>
55        <activity
55-->[androidx.test:core:1.6.1] AndroidManifest.xml:43:9-50:20
56            android:name="androidx.test.core.app.InstrumentationActivityInvoker$EmptyFloatingActivity"
56-->[androidx.test:core:1.6.1] AndroidManifest.xml:44:13-103
57            android:exported="true"
57-->[androidx.test:core:1.6.1] AndroidManifest.xml:45:13-36
58            android:theme="@style/WhiteBackgroundDialogTheme" >
58-->[androidx.test:core:1.6.1] AndroidManifest.xml:46:13-62
59            <intent-filter android:priority="-100" >
59-->[androidx.test:core:1.6.1] AndroidManifest.xml:31:13-33:29
59-->[androidx.test:core:1.6.1] AndroidManifest.xml:31:28-51
60                <category android:name="android.intent.category.LAUNCHER" />
60-->src/main/AndroidManifest.xml:16:17-77
60-->src/main/AndroidManifest.xml:16:27-74
61            </intent-filter>
62        </activity>
63
64        <provider
64-->[androidx.emoji2:emoji2:1.3.0] AndroidManifest.xml:24:9-32:20
65            android:name="androidx.startup.InitializationProvider"
65-->[androidx.emoji2:emoji2:1.3.0] AndroidManifest.xml:25:13-67
66            android:authorities="comp3350.quizrus.androidx-startup"
66-->[androidx.emoji2:emoji2:1.3.0] AndroidManifest.xml:26:13-68
67            android:exported="false" >
67-->[androidx.emoji2:emoji2:1.3.0] AndroidManifest.xml:27:13-37
68            <meta-data
68-->[androidx.emoji2:emoji2:1.3.0] AndroidManifest.xml:29:13-31:52
69                android:name="androidx.emoji2.text.EmojiCompatInitializer"
69-->[androidx.emoji2:emoji2:1.3.0] AndroidManifest.xml:30:17-75
70                android:value="androidx.startup" />
70-->[androidx.emoji2:emoji2:1.3.0] AndroidManifest.xml:31:17-49
71            <meta-data
71-->[androidx.lifecycle:lifecycle-process:2.6.2] AndroidManifest.xml:29:13-31:52
72                android:name="androidx.lifecycle.ProcessLifecycleInitializer"
72-->[androidx.lifecycle:lifecycle-process:2.6.2] AndroidManifest.xml:30:17-78
73                android:value="androidx.startup" />
73-->[androidx.lifecycle:lifecycle-process:2.6.2] AndroidManifest.xml:31:17-49
74            <meta-data
74-->[androidx.profileinstaller:profileinstaller:1.3.1] AndroidManifest.xml:29:13-31:52
75                android:name="androidx.profileinstaller.ProfileInstallerInitializer"
75-->[androidx.profileinstaller:profileinstaller:1.3.1] AndroidManifest.xml:30:17-85
76                android:value="androidx.startup" />
76-->[androidx.profileinstaller:profileinstaller:1.3.1] AndroidManifest.xml:31:17-49
77        </provider>
78
79        <receiver
79-->[androidx.profileinstaller:profileinstaller:1.3.1] AndroidManifest.xml:34:9-52:20
80            android:name="androidx.profileinstaller.ProfileInstallReceiver"
80-->[androidx.profileinstaller:profileinstaller:1.3.1] AndroidManifest.xml:35:13-76
81            android:directBootAware="false"
81-->[androidx.profileinstaller:profileinstaller:1.3.1] AndroidManifest.xml:36:13-44
82            android:enabled="true"
82-->[androidx.profileinstaller:profileinstaller:1.3.1] AndroidManifest.xml:37:13-35
83            android:exported="true"
83-->[androidx.profileinstaller:profileinstaller:1.3.1] AndroidManifest.xml:38:13-36
84            android:permission="android.permission.DUMP" >
84-->[androidx.profileinstaller:profileinstaller:1.3.1] AndroidManifest.xml:39:13-57
85            <intent-filter>
85-->[androidx.profileinstaller:profileinstaller:1.3.1] AndroidManifest.xml:40:13-42:29
86                <action android:name="androidx.profileinstaller.action.INSTALL_PROFILE" />
86-->[androidx.profileinstaller:profileinstaller:1.3.1] AndroidManifest.xml:41:17-91
86-->[androidx.profileinstaller:profileinstaller:1.3.1] AndroidManifest.xml:41:25-88
87            </intent-filter>
88            <intent-filter>
88-->[androidx.profileinstaller:profileinstaller:1.3.1] AndroidManifest.xml:43:13-45:29
89                <action android:name="androidx.profileinstaller.action.SKIP_FILE" />
89-->[androidx.profileinstaller:profileinstaller:1.3.1] AndroidManifest.xml:44:17-85
89-->[androidx.profileinstaller:profileinstaller:1.3.1] AndroidManifest.xml:44:25-82
90            </intent-filter>
91            <intent-filter>
91-->[androidx.profileinstaller:profileinstaller:1.3.1] AndroidManifest.xml:46:13-48:29
92                <action android:name="androidx.profileinstaller.action.SAVE_PROFILE" />
92-->[androidx.profileinstaller:profileinstaller:1.3.1] AndroidManifest.xml:47:17-88
92-->[androidx.profileinstaller:profileinstaller:1.3.1] AndroidManifest.xml:47:25-85
93            </intent-filter>
94            <intent-filter>
94-->[androidx.profileinstaller:profileinstaller:1.3.1] AndroidManifest.xml:49:13-51:29
95                <action android:name="androidx.profileinstaller.action.BENCHMARK_OPERATION" />
95-->[androidx.profileinstaller:profileinstaller:1.3.1] AndroidManifest.xml:50:17-95
95-->[androidx.profileinstaller:profileinstaller:1.3.1] AndroidManifest.xml:50:25-92
96            </intent-filter>
97        </receiver>
98    </application>
99
100</manifest>